0 info it worked if it ends with ok
1 verbose cli [ '/usr/local/bin/node', '/usr/local/bin/npm', 'start' ]
2 info using npm@3.10.3
3 info using node@v6.7.0
4 verbose run-script [ 'prestart', 'start', 'poststart' ]
5 info lifecycle react-starter-kit@1.0.0~prestart: react-starter-kit@1.0.0
6 silly lifecycle react-starter-kit@1.0.0~prestart: no script for prestart, continuing
7 info lifecycle react-starter-kit@1.0.0~start: react-starter-kit@1.0.0
8 verbose lifecycle react-starter-kit@1.0.0~start: unsafe-perm in lifecycle true
9 verbose lifecycle react-starter-kit@1.0.0~start: PATH: /usr/local/lib/node_modules/npm/bin/node-gyp-bin:/Users/nagabhushanamn/Desktop/hexagon-ws/React/react-counter-demo/node_modules/.bin:/usr/local/bin:/Users/nagabhushanamn/bin/Sencha/Cmd/6.1.3.42/..:/Users/nagabhushanamn/bin/Sencha/Cmd/6.1.3.42/..:/Users/nagabhushanamn/bin/Sencha/Cmd/5.1.3.61:/Users/nagabhushanamn/bin/Sencha/Cmd/6.1.3.42:/usr/local/bin:/usr/bin:/bin:/usr/sbin:/sbin:/Users/nagabhushanamn/mongodb/bin:/Applications/Sencha/Test/1_0_2_151/stc:/Applications/Sencha/Test/1_0_2_151/stc
10 verbose lifecycle react-starter-kit@1.0.0~start: CWD: /Users/nagabhushanamn/Desktop/hexagon-ws/React/react-counter-demo
11 silly lifecycle react-starter-kit@1.0.0~start: Args: [ '-c', 'webpack-dev-server' ]
12 silly lifecycle react-starter-kit@1.0.0~start: Returned: code: 1  signal: null
13 info lifecycle react-starter-kit@1.0.0~start: Failed to exec start script
14 verbose stack Error: react-starter-kit@1.0.0 start: `webpack-dev-server`
14 verbose stack Exit status 1
14 verbose stack     at EventEmitter.<anonymous> (/usr/local/lib/node_modules/npm/lib/utils/lifecycle.js:242:16)
14 verbose stack     at emitTwo (events.js:106:13)
14 verbose stack     at EventEmitter.emit (events.js:191:7)
14 verbose stack     at ChildProcess.<anonymous> (/usr/local/lib/node_modules/npm/lib/utils/spawn.js:40:14)
14 verbose stack     at emitTwo (events.js:106:13)
14 verbose stack     at ChildProcess.emit (events.js:191:7)
14 verbose stack     at maybeClose (internal/child_process.js:877:16)
14 verbose stack     at Process.ChildProcess._handle.onexit (internal/child_process.js:226:5)
15 verbose pkgid react-starter-kit@1.0.0
16 verbose cwd /Users/nagabhushanamn/Desktop/hexagon-ws/React/react-counter-demo
17 error Darwin 16.1.0
18 error argv "/usr/local/bin/node" "/usr/local/bin/npm" "start"
19 error node v6.7.0
20 error npm  v3.10.3
21 error code ELIFECYCLE
22 error react-starter-kit@1.0.0 start: `webpack-dev-server`
22 error Exit status 1
23 error Failed at the react-starter-kit@1.0.0 start script 'webpack-dev-server'.
23 error Make sure you have the latest version of node.js and npm installed.
23 error If you do, this is most likely a problem with the react-starter-kit package,
23 error not with npm itself.
23 error Tell the author that this fails on your system:
23 error     webpack-dev-server
23 error You can get information on how to open an issue for this project with:
23 error     npm bugs react-starter-kit
23 error Or if that isn't available, you can get their info via:
23 error     npm owner ls react-starter-kit
23 error There is likely additional logging output above.
24 verbose exit [ 1, true ]
